This is pdfTeX, Version 3.14159265-2.6-1.40.19 (MiKTeX 2.9.6800 64-bit) (preloaded format=pdflatex 2018.9.28)  27 JUN 2019 23:16
entering extended mode
**./BA.tex
(BA.tex
LaTeX2e <2018-04-01> patch level 5
("C:\Users\Larissa\AppData\Local\Programs\MiKTeX 2.9\tex\latex\base\book.cls"
Document Class: book 2014/09/29 v1.4h Standard LaTeX document class
("C:\Users\Larissa\AppData\Local\Programs\MiKTeX 2.9\tex\latex\base\bk11.clo"
File: bk11.clo 2014/09/29 v1.4h Standard LaTeX file (size option)
)
\c@part=\count80
\c@chapter=\count81
\c@section=\count82
\c@subsection=\count83
\c@subsubsection=\count84
\c@paragraph=\count85
\c@subparagraph=\count86
\c@figure=\count87
\c@table=\count88
\abovecaptionskip=\skip41
\belowcaptionskip=\skip42
\bibindent=\dimen102
) ("C:\Users\Larissa\AppData\Local\Programs\MiKTeX 2.9\tex\latex\psnfss\times.s
ty"
Package: times 2005/04/12 PSNFSS-v9.2a (SPQR) 
)
("C:\Users\Larissa\AppData\Local\Programs\MiKTeX 2.9\tex\latex\graphics\graphic
x.sty"
Package: graphicx 2017/06/01 v1.1a Enhanced LaTeX Graphics (DPC,SPQR)

("C:\Users\Larissa\AppData\Local\Programs\MiKTeX 2.9\tex\latex\graphics\keyval.
sty"
Package: keyval 2014/10/28 v1.15 key=value parser (DPC)
\KV@toks@=\toks14
)
("C:\Users\Larissa\AppData\Local\Programs\MiKTeX 2.9\tex\latex\graphics\graphic
s.sty"
Package: graphics 2017/06/25 v1.2c Standard LaTeX Graphics (DPC,SPQR)

("C:\Users\Larissa\AppData\Local\Programs\MiKTeX 2.9\tex\latex\graphics\trig.st
y"
Package: trig 2016/01/03 v1.10 sin cos tan (DPC)
)
("C:\Users\Larissa\AppData\Local\Programs\MiKTeX 2.9\tex\latex\graphics-cfg\gra
phics.cfg"
File: graphics.cfg 2016/06/04 v1.11 sample graphics configuration
)
Package graphics Info: Driver file: pdftex.def on input line 99.

("C:\Users\Larissa\AppData\Local\Programs\MiKTeX 2.9\tex\latex\graphics-def\pdf
tex.def"
File: pdftex.def 2018/01/08 v1.0l Graphics/color driver for pdftex
))
\Gin@req@height=\dimen103
\Gin@req@width=\dimen104
)
("C:\Users\Larissa\AppData\Local\Programs\MiKTeX 2.9\tex\latex\base\latexsym.st
y"
Package: latexsym 1998/08/17 v2.2e Standard LaTeX package (lasy symbols)
\symlasy=\mathgroup4
LaTeX Font Info:    Overwriting symbol font `lasy' in version `bold'
(Font)                  U/lasy/m/n --> U/lasy/b/n on input line 52.
)
("C:\Users\Larissa\AppData\Local\Programs\MiKTeX 2.9\tex\latex\amsmath\amsmath.
sty"
Package: amsmath 2017/09/02 v2.17a AMS math features
\@mathmargin=\skip43

For additional information on amsmath, use the `?' option.

("C:\Users\Larissa\AppData\Local\Programs\MiKTeX 2.9\tex\latex\amsmath\amstext.
sty"
Package: amstext 2000/06/29 v2.01 AMS text

("C:\Users\Larissa\AppData\Local\Programs\MiKTeX 2.9\tex\latex\amsmath\amsgen.s
ty"
File: amsgen.sty 1999/11/30 v2.0 generic functions
\@emptytoks=\toks15
\ex@=\dimen105
))
("C:\Users\Larissa\AppData\Local\Programs\MiKTeX 2.9\tex\latex\amsmath\amsbsy.s
ty"
Package: amsbsy 1999/11/29 v1.2d Bold Symbols
\pmbraise@=\dimen106
)
("C:\Users\Larissa\AppData\Local\Programs\MiKTeX 2.9\tex\latex\amsmath\amsopn.s
ty"
Package: amsopn 2016/03/08 v2.02 operator names
)
\inf@bad=\count89
LaTeX Info: Redefining \frac on input line 213.
\uproot@=\count90
\leftroot@=\count91
LaTeX Info: Redefining \overline on input line 375.
\classnum@=\count92
\DOTSCASE@=\count93
LaTeX Info: Redefining \ldots on input line 472.
LaTeX Info: Redefining \dots on input line 475.
LaTeX Info: Redefining \cdots on input line 596.
\Mathstrutbox@=\box26
\strutbox@=\box27
\big@size=\dimen107
LaTeX Font Info:    Redeclaring font encoding OML on input line 712.
LaTeX Font Info:    Redeclaring font encoding OMS on input line 713.
\macc@depth=\count94
\c@MaxMatrixCols=\count95
\dotsspace@=\muskip10
\c@parentequation=\count96
\dspbrk@lvl=\count97
\tag@help=\toks16
\row@=\count98
\column@=\count99
\maxfields@=\count100
\andhelp@=\toks17
\eqnshift@=\dimen108
\alignsep@=\dimen109
\tagshift@=\dimen110
\tagwidth@=\dimen111
\totwidth@=\dimen112
\lineht@=\dimen113
\@envbody=\toks18
\multlinegap=\skip44
\multlinetaggap=\skip45
\mathdisplay@stack=\toks19
LaTeX Info: Redefining \[ on input line 2817.
LaTeX Info: Redefining \] on input line 2818.
)
("C:\Users\Larissa\AppData\Local\Programs\MiKTeX 2.9\tex\latex\amsfonts\amssymb
.sty"
Package: amssymb 2013/01/14 v3.01 AMS font symbols

("C:\Users\Larissa\AppData\Local\Programs\MiKTeX 2.9\tex\latex\amsfonts\amsfont
s.sty"
Package: amsfonts 2013/01/14 v3.01 Basic AMSFonts support
\symAMSa=\mathgroup5
\symAMSb=\mathgroup6
LaTeX Font Info:    Overwriting math alphabet `\mathfrak' in version `bold'
(Font)                  U/euf/m/n --> U/euf/b/n on input line 106.
))
("C:\Users\Larissa\AppData\Local\Programs\MiKTeX 2.9\tex\latex\subfigure\subfig
ure.sty"
Package: subfigure 2002/07/30 v2.1.4 subfigure package
\subfigtopskip=\skip46
\subfigcapskip=\skip47
\subfigcaptopadj=\dimen114
\subfigbottomskip=\skip48
\subfigcapmargin=\dimen115
\subfiglabelskip=\skip49
\c@subfigure=\count101
\c@lofdepth=\count102
\c@subtable=\count103
\c@lotdepth=\count104

****************************************
* Local config file subfigure.cfg used *
****************************************

("C:\Users\Larissa\AppData\Local\Programs\MiKTeX 2.9\tex\latex\subfigure\subfig
ure.cfg")
\subfig@top=\skip50
\subfig@bottom=\skip51
)
("C:\Users\Larissa\AppData\Local\Programs\MiKTeX 2.9\tex\latex\tools\verbatim.s
ty"
Package: verbatim 2014/10/28 v1.5q LaTeX2e package for verbatim enhancements
\every@verbatim=\toks20
\verbatim@line=\toks21
\verbatim@in@stream=\read1
)
("C:\Users\Larissa\AppData\Local\Programs\MiKTeX 2.9\tex\latex\listings\listing
s.sty"
\lst@mode=\count105
\lst@gtempboxa=\box28
\lst@token=\toks22
\lst@length=\count106
\lst@currlwidth=\dimen116
\lst@column=\count107
\lst@pos=\count108
\lst@lostspace=\dimen117
\lst@width=\dimen118
\lst@newlines=\count109
\lst@lineno=\count110
\lst@maxwidth=\dimen119

("C:\Users\Larissa\AppData\Local\Programs\MiKTeX 2.9\tex\latex\listings\lstmisc
.sty"
File: lstmisc.sty 2019/02/27 1.8b (Carsten Heinz)
\c@lstnumber=\count111
\lst@skipnumbers=\count112
\lst@framebox=\box29
)
("C:\Users\Larissa\AppData\Local\Programs\MiKTeX 2.9\tex\latex\listings\listing
s.cfg"
File: listings.cfg 2019/02/27 1.8b listings configuration
))
Package: listings 2019/02/27 1.8b (Carsten Heinz)

("C:\Users\Larissa\AppData\Local\Programs\MiKTeX 2.9\tex\latex\booktabs\booktab
s.sty"
Package: booktabs 2005/04/14 v1.61803 publication quality tables
\heavyrulewidth=\dimen120
\lightrulewidth=\dimen121
\cmidrulewidth=\dimen122
\belowrulesep=\dimen123
\belowbottomsep=\dimen124
\aboverulesep=\dimen125
\abovetopsep=\dimen126
\cmidrulesep=\dimen127
\cmidrulekern=\dimen128
\defaultaddspace=\dimen129
\@cmidla=\count113
\@cmidlb=\count114
\@aboverulesep=\dimen130
\@belowrulesep=\dimen131
\@thisruleclass=\count115
\@lastruleclass=\count116
\@thisrulewidth=\dimen132
)
("C:\Users\Larissa\AppData\Local\Programs\MiKTeX 2.9\tex\latex\listings\lstlang
1.sty"
File: lstlang1.sty 2019/02/27 1.8b listings language file
)
("C:\Users\Larissa\AppData\Local\Programs\MiKTeX 2.9\tex\latex\glossaries\base\
glossaries.sty"
Package: glossaries 2019/01/06 v4.42 (NLCT)

("C:\Users\Larissa\AppData\Local\Programs\MiKTeX 2.9\tex\latex\base\ifthen.sty"
Package: ifthen 2014/09/29 v1.1c Standard LaTeX ifthen package (DPC)
)
("C:\Users\Larissa\AppData\Local\Programs\MiKTeX 2.9\tex\latex\xkeyval\xkeyval.
sty"
Package: xkeyval 2014/12/03 v2.7a package option processing (HA)

("C:\Users\Larissa\AppData\Local\Programs\MiKTeX 2.9\tex\generic\xkeyval\xkeyva
l.tex"
("C:\Users\Larissa\AppData\Local\Programs\MiKTeX 2.9\tex\generic\xkeyval\xkvuti
ls.tex"
\XKV@toks=\toks23
\XKV@tempa@toks=\toks24
)
\XKV@depth=\count117
File: xkeyval.tex 2014/12/03 v2.7a key=value parser (HA)
))
("C:\Users\Larissa\AppData\Local\Programs\MiKTeX 2.9\tex\latex\mfirstuc\mfirstu
c.sty"
Package: mfirstuc 2017/11/14 v2.06 (NLCT)

("C:\Users\Larissa\AppData\Local\Programs\MiKTeX 2.9\tex\latex\etoolbox\etoolbo
x.sty"
Package: etoolbox 2018/08/19 v2.5f e-TeX tools for LaTeX (JAW)
\etb@tempcnta=\count118
)
\@glsmfirst=\toks25
\@glsmrest=\toks26
)
("C:\Users\Larissa\AppData\Local\Programs\MiKTeX 2.9\tex\latex\textcase\textcas
e.sty"
Package: textcase 2004/10/07 v0.07 Text only upper/lower case changing (DPC)
)
("C:\Users\Larissa\AppData\Local\Programs\MiKTeX 2.9\tex\latex\xfor\xfor.sty"
Package: xfor 2009/02/05 v1.05 (NLCT)
)
("C:\Users\Larissa\AppData\Local\Programs\MiKTeX 2.9\tex\latex\datatool\datatoo
l-base.sty"
Package: datatool-base 2018/12/07 v2.31 (NLCT)

("C:\Users\Larissa\AppData\Local\Programs\MiKTeX 2.9\tex\latex\substr\substr.st
y"
Package: substr 2009/10/20 v1.2 Handle substrings
\c@su@anzahl=\count119
)
("C:\Users\Larissa\AppData\Local\Programs\MiKTeX 2.9\tex\latex\datatool\datatoo
l-fp.sty"
Package: datatool-fp 2018/12/07 v2.31 (NLCT)

("C:\Users\Larissa\AppData\Local\Programs\MiKTeX 2.9\tex\latex\fp\fp.sty"
Package: fp 1995/04/02

`Fixed Point Package', Version 0.8, April 2, 1995 (C) Michael Mehlich
("C:\Users\Larissa\AppData\Local\Programs\MiKTeX 2.9\tex\latex\fp\defpattern.st
y"
Package: defpattern 1994/10/12
\actioncount=\count120
)
("C:\Users\Larissa\AppData\Local\Programs\MiKTeX 2.9\tex\latex\fp\fp-basic.sty"
Package: fp-basic 1996/05/13
\FP@xs=\count121
\FP@xia=\count122
\FP@xib=\count123
\FP@xfa=\count124
\FP@xfb=\count125
\FP@rega=\count126
\FP@regb=\count127
\FP@regs=\count128
\FP@times=\count129
)
("C:\Users\Larissa\AppData\Local\Programs\MiKTeX 2.9\tex\latex\fp\fp-addons.sty
"
Package: fp-addons 1995/03/15
) ("C:\Users\Larissa\AppData\Local\Programs\MiKTeX 2.9\tex\latex\fp\fp-snap.sty
"
Package: fp-snap 1995/04/05
) ("C:\Users\Larissa\AppData\Local\Programs\MiKTeX 2.9\tex\latex\fp\fp-exp.sty"
Package: fp-exp 1995/04/03
)
("C:\Users\Larissa\AppData\Local\Programs\MiKTeX 2.9\tex\latex\fp\fp-trigo.sty"
Package: fp-trigo 1995/04/14
) ("C:\Users\Larissa\AppData\Local\Programs\MiKTeX 2.9\tex\latex\fp\fp-pas.sty"
Package: fp-pas 1994/08/29
)
("C:\Users\Larissa\AppData\Local\Programs\MiKTeX 2.9\tex\latex\fp\fp-random.sty
"
Package: fp-random 1995/02/23
\FPseed=\count130
) ("C:\Users\Larissa\AppData\Local\Programs\MiKTeX 2.9\tex\latex\fp\fp-eqn.sty"
Package: fp-eqn 1995/04/03
) ("C:\Users\Larissa\AppData\Local\Programs\MiKTeX 2.9\tex\latex\fp\fp-upn.sty"
Package: fp-upn 1996/10/21
) ("C:\Users\Larissa\AppData\Local\Programs\MiKTeX 2.9\tex\latex\fp\fp-eval.sty
"
Package: fp-eval 1995/04/03
)))
\@dtl@toks=\toks27
\@dtl@tmpcount=\count131
\dtl@tmplength=\skip52
\dtl@sortresult=\count132
\@dtl@numgrpsepcount=\count133
\@dtl@datatype=\count134
\dtl@codeA=\count135
\dtl@codeB=\count136
\@dtl@foreach@level=\count137
)
("C:\Users\Larissa\AppData\Local\Programs\MiKTeX 2.9\tex\latex\glossaries\base\
glossaries-compatible-307.sty"
Package: glossaries-compatible-307 2019/01/06 v4.42 (NLCT)
)
\gls@level=\count138
\@gls@tmpb=\toks28
\gls@tmplen=\skip53
\glskeylisttok=\toks29
\glslabeltok=\toks30
\glsshorttok=\toks31
\glslongtok=\toks32

("C:\Users\Larissa\AppData\Local\Programs\MiKTeX 2.9\tex\latex\glossaries\style
s\glossary-hypernav.sty"
Package: glossary-hypernav 2019/01/06 v4.42 (NLCT)
)
("C:\Users\Larissa\AppData\Local\Programs\MiKTeX 2.9\tex\latex\glossaries\style
s\glossary-list.sty"
Package: glossary-list 2019/01/06 v4.42 (NLCT)
\glslistdottedwidth=\skip54
)
("C:\Users\Larissa\AppData\Local\Programs\MiKTeX 2.9\tex\latex\glossaries\style
s\glossary-long.sty"
Package: glossary-long 2019/01/06 v4.42 (NLCT)

("C:\Users\Larissa\AppData\Local\Programs\MiKTeX 2.9\tex\latex\tools\longtable.
sty"
Package: longtable 2014/10/28 v4.11 Multi-page Table package (DPC)
\LTleft=\skip55
\LTright=\skip56
\LTpre=\skip57
\LTpost=\skip58
\LTchunksize=\count139
\LTcapwidth=\dimen133
\LT@head=\box30
\LT@firsthead=\box31
\LT@foot=\box32
\LT@lastfoot=\box33
\LT@cols=\count140
\LT@rows=\count141
\c@LT@tables=\count142
\c@LT@chunks=\count143
\LT@p@ftn=\toks33
)
\glsdescwidth=\skip59
\glspagelistwidth=\skip60
)
("C:\Users\Larissa\AppData\Local\Programs\MiKTeX 2.9\tex\latex\glossaries\style
s\glossary-super.sty"
Package: glossary-super 2019/01/06 v4.42 (NLCT)

("C:\Users\Larissa\AppData\Local\Programs\MiKTeX 2.9\tex\latex\supertabular\sup
ertabular.sty"
Package: supertabular 2004/02/20 v4.1e the supertabular environment
\c@tracingst=\count144
\ST@wd=\dimen134
\ST@rightskip=\skip61
\ST@leftskip=\skip62
\ST@parfillskip=\skip63
\ST@pageleft=\dimen135
\ST@headht=\dimen136
\ST@tailht=\dimen137
\ST@pagesofar=\dimen138
\ST@pboxht=\dimen139
\ST@lineht=\dimen140
\ST@stretchht=\dimen141
\ST@prevht=\dimen142
\ST@toadd=\dimen143
\ST@dimen=\dimen144
\ST@pbox=\box34
))
("C:\Users\Larissa\AppData\Local\Programs\MiKTeX 2.9\tex\latex\glossaries\style
s\glossary-tree.sty"
Package: glossary-tree 2019/01/06 v4.42 (NLCT)
\glstreeindent=\skip64
))
("C:\Users\Larissa\AppData\Local\Programs\MiKTeX 2.9\tex\latex\ntheorem\ntheore
m.sty"
Style `ntheorem', Version 1.33 <2011/08/15>
Package: ntheorem 2011/08/15 1.33
\theorem@style=\toks34
\theorem@@style=\toks35
\theorembodyfont=\toks36
\theoremnumbering=\toks37
\theorempreskipamount=\skip65
\theorempostskipamount=\skip66
\theoremframepreskipamount=\skip67
\theoremframepostskipamount=\skip68
\theoreminframepreskipamount=\skip69
\theoreminframepostskipamount=\skip70
\theorem@preskip=\toks38
\theorem@postskip=\toks39
\theorem@framepreskip=\toks40
\theorem@framepostskip=\toks41
\theorem@inframepreskip=\toks42
\theorem@inframepostskip=\toks43
\theoremindent=\dimen145
\theorem@indent=\dimen146
\theoremrightindent=\dimen147
\theorem@rightindent=\dimen148
\theoremheaderfont=\toks44
\theoremseparator=\toks45
\theoremprework=\toks46
\theorempostwork=\toks47
\theoremsymbol=\toks48
\qedsymbol=\toks49
\theoremkeyword=\toks50
\qedsymbol=\toks51
\thm@topsep=\skip71
\thm@topsepadd=\skip72
)
("C:\Users\Larissa\AppData\Local\Programs\MiKTeX 2.9\tex\latex\caption\caption.
sty"
Package: caption 2018/10/06 v3.3-154 Customizing captions (AR)

("C:\Users\Larissa\AppData\Local\Programs\MiKTeX 2.9\tex\latex\caption\caption3
.sty"
Package: caption3 2018/09/12 v1.8c caption3 kernel (AR)
Package caption3 Info: TeX engine: e-TeX on input line 64.
\captionmargin=\dimen149
\captionmargin@=\dimen150
\captionwidth=\dimen151
\caption@tempdima=\dimen152
\caption@indent=\dimen153
\caption@parindent=\dimen154
\caption@hangindent=\dimen155
)
\c@caption@flags=\count145
\c@ContinuedFloat=\count146
Package caption Info: listings package is loaded.
Package caption Info: longtable package is loaded.

("C:\Users\Larissa\AppData\Local\Programs\MiKTeX 2.9\tex\latex\caption\ltcaptio
n.sty"
Package: ltcaption 2018/08/26 v1.4-95 longtable captions (AR)
)
Package caption Info: subfigure package is loaded.
Package caption Info: supertabular package is loaded.
)
("C:\Users\Larissa\AppData\Local\Programs\MiKTeX 2.9\tex\latex\caption\newfloat
.sty"
Package: newfloat 2018/03/04 v1.1a Defining new floating environments (AR)
)
Package newfloat Info: New float `code' with options `' on input line 22.
\c@code=\count147
\newfloat@ftype=\count148
Package newfloat Info: float type `code'=8 on input line 22.
\c@locodedepth=\count149

("C:\Users\Larissa\AppData\Local\Programs\MiKTeX 2.9\tex\latex\tools\tabularx.s
ty"
Package: tabularx 2016/02/03 v2.11b `tabularx' package (DPC)

("C:\Users\Larissa\AppData\Local\Programs\MiKTeX 2.9\tex\latex\tools\array.sty"
Package: array 2018/04/30 v2.4h Tabular extension package (FMi)
\col@sep=\dimen156
\ar@mcellbox=\box35
\extrarowheight=\dimen157
\NC@list=\toks52
\extratabsurround=\skip73
\backup@length=\skip74
\ar@cellbox=\box36
)
\TX@col@width=\dimen158
\TX@old@table=\dimen159
\TX@old@col=\dimen160
\TX@target=\dimen161
\TX@delta=\dimen162
\TX@cols=\count150
\TX@ftn=\toks53
)
("C:\Users\Larissa\AppData\Local\Programs\MiKTeX 2.9\tex\latex\algorithm2e\algo
rithm2e.sty"
Package: algorithm2e 2017/07/18 v5.2 algorithms environments
\c@AlgoLine=\count151
\algocf@hangindent=\skip75

("C:\Users\Larissa\AppData\Local\Programs\MiKTeX 2.9\tex\latex\ifoddpage\ifoddp
age.sty"
Package: ifoddpage 2016/04/23 v1.1 Conditionals for odd/even page detection
\c@checkoddpage=\count152
)
("C:\Users\Larissa\AppData\Local\Programs\MiKTeX 2.9\tex\latex\tools\xspace.sty
"
Package: xspace 2014/10/28 v1.13 Space after command names (DPC,MH)
)
("C:\Users\Larissa\AppData\Local\Programs\MiKTeX 2.9\tex\latex\relsize\relsize.
sty"
Package: relsize 2013/03/29 ver 4.1
)
\skiptotal=\skip76
\skiplinenumber=\skip77
\skiprule=\skip78
\skiphlne=\skip79
\skiptext=\skip80
\skiplength=\skip81
\algomargin=\skip82
\skipalgocfslide=\skip83
\algowidth=\dimen163
\inoutsize=\dimen164
\inoutindent=\dimen165
\interspacetitleruled=\dimen166
\interspacealgoruled=\dimen167
\interspacetitleboxruled=\dimen168
\algocf@ruledwidth=\skip84
\algocf@inoutbox=\box37
\algocf@inputbox=\box38
\AlCapSkip=\skip85
\AlCapHSkip=\skip86
\algoskipindent=\skip87
\algocf@nlbox=\box39
\algocf@hangingbox=\box40
\algocf@untilbox=\box41
\algocf@skipuntil=\skip88
\algocf@capbox=\box42
\algocf@lcaptionbox=\skip89
\algoheightruledefault=\skip90
\algoheightrule=\skip91
\algotitleheightruledefault=\skip92
\algotitleheightrule=\skip93
\c@algocfline=\count153
\c@algocfproc=\count154
\c@algocf=\count155
\algocf@algoframe=\box43
\algocf@algobox=\box44
)
("C:\Users\Larissa\AppData\Local\Programs\MiKTeX 2.9\tex\latex\multirow\multiro
w.sty"
Package: multirow 2018/08/03 v2.3 Span multiple rows of a table
\multirow@colwidth=\skip94
\multirow@cntb=\count156
\multirow@dima=\skip95
\bigstrutjot=\dimen169
)
("C:\Users\Larissa\AppData\Local\Programs\MiKTeX 2.9\tex\latex\url\url.sty"
\Urlmuskip=\muskip11
Package: url 2013/09/16  ver 3.4  Verb mode for urls, etc.
)
\c@definition=\count157
\c@proposition=\count158
\glswrite=\write3
\glo@main@file=\write4
\openout4 = `BA.glo'.

Package glossaries Info: Writing glossary file BA.glo on input line 89.

(BA.aux)
\openout1 = `BA.aux'.

LaTeX Font Info:    Checking defaults for OML/cmm/m/it on input line 91.
LaTeX Font Info:    ... okay on input line 91.
LaTeX Font Info:    Checking defaults for T1/cmr/m/n on input line 91.
LaTeX Font Info:    ... okay on input line 91.
LaTeX Font Info:    Checking defaults for OT1/cmr/m/n on input line 91.
LaTeX Font Info:    ... okay on input line 91.
LaTeX Font Info:    Checking defaults for OMS/cmsy/m/n on input line 91.
LaTeX Font Info:    ... okay on input line 91.
LaTeX Font Info:    Checking defaults for OMX/cmex/m/n on input line 91.
LaTeX Font Info:    ... okay on input line 91.
LaTeX Font Info:    Checking defaults for U/cmr/m/n on input line 91.
LaTeX Font Info:    ... okay on input line 91.
LaTeX Font Info:    Try loading font information for OT1+ptm on input line 91.

("C:\Users\Larissa\AppData\Local\Programs\MiKTeX 2.9\tex\latex\psnfss\ot1ptm.fd
"
File: ot1ptm.fd 2001/06/04 font definitions for OT1/ptm.
)
("C:\Users\Larissa\AppData\Local\Programs\MiKTeX 2.9\tex\context\base\supp-pdf.
mkii"
[Loading MPS to PDF converter (version 2006.09.02).]
\scratchcounter=\count159
\scratchdimen=\dimen170
\scratchbox=\box45
\nofMPsegments=\count160
\nofMParguments=\count161
\everyMPshowfont=\toks54
\MPscratchCnt=\count162
\MPscratchDim=\dimen171
\MPnumerator=\count163
\makeMPintoPDFobject=\count164
\everyMPtoPDFconversion=\toks55
)
("C:\Users\Larissa\AppData\Local\Programs\MiKTeX 2.9\tex\latex\oberdiek\epstopd
f-base.sty"
Package: epstopdf-base 2016/05/15 v2.6 Base part for package epstopdf

("C:\Users\Larissa\AppData\Local\Programs\MiKTeX 2.9\tex\generic\oberdiek\infwa
rerr.sty"
Package: infwarerr 2016/05/16 v1.4 Providing info/warning/error messages (HO)
)
("C:\Users\Larissa\AppData\Local\Programs\MiKTeX 2.9\tex\latex\oberdiek\grfext.
sty"
Package: grfext 2016/05/16 v1.2 Manage graphics extensions (HO)

("C:\Users\Larissa\AppData\Local\Programs\MiKTeX 2.9\tex\generic\oberdiek\kvdef
inekeys.sty"
Package: kvdefinekeys 2016/05/16 v1.4 Define keys (HO)

("C:\Users\Larissa\AppData\Local\Programs\MiKTeX 2.9\tex\generic\oberdiek\ltxcm
ds.sty"
Package: ltxcmds 2016/05/16 v1.23 LaTeX kernel commands for general use (HO)
)))
("C:\Users\Larissa\AppData\Local\Programs\MiKTeX 2.9\tex\latex\oberdiek\kvoptio
ns.sty"
Package: kvoptions 2016/05/16 v3.12 Key value format for package options (HO)

("C:\Users\Larissa\AppData\Local\Programs\MiKTeX 2.9\tex\generic\oberdiek\kvset
keys.sty"
Package: kvsetkeys 2016/05/16 v1.17 Key value parser (HO)

("C:\Users\Larissa\AppData\Local\Programs\MiKTeX 2.9\tex\generic\oberdiek\etexc
mds.sty"
Package: etexcmds 2016/05/16 v1.6 Avoid name clashes with e-TeX commands (HO)

("C:\Users\Larissa\AppData\Local\Programs\MiKTeX 2.9\tex\generic\oberdiek\iflua
tex.sty"
Package: ifluatex 2016/05/16 v1.4 Provides the ifluatex switch (HO)
Package ifluatex Info: LuaTeX not detected.
)
Package etexcmds Info: Could not find \expanded.
(etexcmds)             That can mean that you are not using pdfTeX 1.50 or
(etexcmds)             that some package has redefined \expanded.
(etexcmds)             In the latter case, load this package earlier.
)))
("C:\Users\Larissa\AppData\Local\Programs\MiKTeX 2.9\tex\generic\oberdiek\pdfte
xcmds.sty"
Package: pdftexcmds 2018/01/30 v0.27 Utility functions of pdfTeX for LuaTeX (HO
)

("C:\Users\Larissa\AppData\Local\Programs\MiKTeX 2.9\tex\generic\oberdiek\ifpdf
.sty"
Package: ifpdf 2017/03/15 v3.2 Provides the ifpdf switch
)
Package pdftexcmds Info: LuaTeX not detected.
Package pdftexcmds Info: \pdf@primitive is available.
Package pdftexcmds Info: \pdf@ifprimitive is available.
Package pdftexcmds Info: \pdfdraftmode found.
)
Package epstopdf-base Info: Redefining graphics rule for `.eps' on input line 4
38.
Package grfext Info: Graphics extension search list:
(grfext)             [.pdf,.png,.jpg,.mps,.jpeg,.jbig2,.jb2,.PDF,.PNG,.JPG,.JPE
G,.JBIG2,.JB2,.eps]
(grfext)             \AppendGraphicsExtensions on input line 456.
)
\c@lstlisting=\count165
 (BA.glsdefs)
Package caption Info: Begin \AtBeginDocument code.
Package caption Info: End \AtBeginDocument code.
 [1

\openout3 = `BA.ist'.


{C:/Users/Larissa/AppData/Local/MiKTeX/2.9/pdftex/config/pdftex.map}]
LaTeX Font Info:    Font shape `OT1/ptm/bx/n' in size <24.88> not available
(Font)              Font shape `OT1/ptm/b/n' tried instead on input line 116.
 (BA.toc
LaTeX Font Info:    Font shape `OT1/ptm/bx/n' in size <10.95> not available
(Font)              Font shape `OT1/ptm/b/n' tried instead on input line 1.
LaTeX Font Info:    Try loading font information for U+lasy on input line 4.

("C:\Users\Larissa\AppData\Local\Programs\MiKTeX 2.9\tex\latex\base\ulasy.fd"
File: ulasy.fd 1998/08/17 v2.2e LaTeX symbol font definitions
)
LaTeX Font Info:    Try loading font information for U+msa on input line 4.

("C:\Users\Larissa\AppData\Local\Programs\MiKTeX 2.9\tex\latex\amsfonts\umsa.fd
"
File: umsa.fd 2013/01/14 v3.01 AMS symbols A
)
LaTeX Font Info:    Try loading font information for U+msb on input line 4.

("C:\Users\Larissa\AppData\Local\Programs\MiKTeX 2.9\tex\latex\amsfonts\umsb.fd
"
File: umsb.fd 2013/01/14 v3.01 AMS symbols B
) [1

])
\tf@toc=\write5
\openout5 = `BA.toc'.

 [2] (BA.loa)
\tf@loa=\write6
\openout6 = `BA.loa'.

 [3

] (BA.lof)
\tf@lof=\write7
\openout7 = `BA.lof'.

 [4

] (BA.lot)
\tf@lot=\write8
\openout8 = `BA.lot'.

\@gls@deffile=\write9
\openout9 = `BA.glsdefs'.

 (BA.gls [5

]) [6

]
Chapter 1.
LaTeX Font Info:    Font shape `OT1/ptm/bx/n' in size <20.74> not available
(Font)              Font shape `OT1/ptm/b/n' tried instead on input line 183.
[1

] [2]
Chapter 2.

Underfull \hbox (badness 10000) in paragraph at lines 190--192

 []


Overfull \hbox (2.98918pt too wide) in paragraph at lines 193--195
\OT1/ptm/m/n/10.95 fall2018/final-project-team-mvp-10000/tree/c9da670b8a39068aa
2d3154023ea44e-
 []

[3

] [4]
Chapter 3.
LaTeX Font Info:    Font shape `OT1/ptm/bx/n' in size <14.4> not available
(Font)              Font shape `OT1/ptm/b/n' tried instead on input line 198.
LaTeX Font Info:    Font shape `OT1/ptm/bx/n' in size <12> not available
(Font)              Font shape `OT1/ptm/b/n' tried instead on input line 199.

Underfull \hbox (badness 10000) in paragraph at lines 200--201

 []


Underfull \hbox (badness 10000) in paragraph at lines 203--205

 []


Underfull \hbox (badness 10000) in paragraph at lines 206--207

 []


Underfull \hbox (badness 10000) in paragraph at lines 209--211

 []

[5

]
Underfull \hbox (badness 10000) in paragraph at lines 222--224

 []


Underfull \hbox (badness 10000) in paragraph at lines 234--235

 []

[6]
Underfull \hbox (badness 10000) in paragraph at lines 243--244

 []

[7]
Underfull \hbox (badness 10000) in paragraph at lines 272--287

 []

[8] [9]
Underfull \hbox (badness 10000) in paragraph at lines 318--319

 []

LaTeX Font Info:    Font shape `OT1/ptm/bx/n' in size <8> not available
(Font)              Font shape `OT1/ptm/b/n' tried instead on input line 322.

Package relsize Warning: Font size 5.55556pt is too small.
(relsize)                Using 6.0pt instead on input line 322.

LaTeX Font Info:    Font shape `OT1/ptm/bx/n' in size <6> not available
(Font)              Font shape `OT1/ptm/b/n' tried instead on input line 322.

Package relsize Warning: Font size 5.55556pt is too small.
(relsize)                Using 6.0pt instead on input line 325.


Package relsize Warning: Font size 5.55556pt is too small.
(relsize)                Using 6.0pt instead on input line 325.


Package relsize Warning: Font size 5.55556pt is too small.
(relsize)                Using 6.0pt instead on input line 325.


Package relsize Warning: Font size 5.55556pt is too small.
(relsize)                Using 6.0pt instead on input line 326.


Package relsize Warning: Font size 5.55556pt is too small.
(relsize)                Using 6.0pt instead on input line 327.


Package relsize Warning: Font size 5.55556pt is too small.
(relsize)                Using 6.0pt instead on input line 331.


Package relsize Warning: Font size 5.55556pt is too small.
(relsize)                Using 6.0pt instead on input line 331.


Package relsize Warning: Font size 5.55556pt is too small.
(relsize)                Using 6.0pt instead on input line 331.


Package relsize Warning: Font size 5.55556pt is too small.
(relsize)                Using 6.0pt instead on input line 331.

[10]
<C:/Users/Larissa/Documents/Uni/Bachelorarbeit/Git/ThesisPaper/Pictures/rnn.png
, id=68, 339.4281pt x 169.5936pt>
File: C:/Users/Larissa/Documents/Uni/Bachelorarbeit/Git/ThesisPaper/Pictures/rn
n.png Graphic file (type png)
<use C:/Users/Larissa/Documents/Uni/Bachelorarbeit/Git/ThesisPaper/Pictures/rnn
.png>
Package pdftex.def Info: C:/Users/Larissa/Documents/Uni/Bachelorarbeit/Git/Thes
isPaper/Pictures/rnn.png  used on input line 347.
(pdftex.def)             Requested size: 288.0011pt x 143.9068pt.

Underfull \hbox (badness 10000) in paragraph at lines 341--352

 []

[11 <C:/Users/Larissa/Documents/Uni/Bachelorarbeit/Git/ThesisPaper/Pictures/rnn
.png>]
Underfull \hbox (badness 10000) in paragraph at lines 370--373

 []

<C:/Users/Larissa/Documents/Uni/Bachelorarbeit/Git/ThesisPaper/Pictures/inputg.
png, id=72, 279.2031pt x 196.8153pt>
File: C:/Users/Larissa/Documents/Uni/Bachelorarbeit/Git/ThesisPaper/Pictures/in
putg.png Graphic file (type png)
<use C:/Users/Larissa/Documents/Uni/Bachelorarbeit/Git/ThesisPaper/Pictures/inp
utg.png>
Package pdftex.def Info: C:/Users/Larissa/Documents/Uni/Bachelorarbeit/Git/Thes
isPaper/Pictures/inputg.png  used on input line 380.
(pdftex.def)             Requested size: 115.19867pt x 81.20532pt.
<C:/Users/Larissa/Documents/Uni/Bachelorarbeit/Git/ThesisPaper/Pictures/inputg2
.png, id=73, 294.1389pt x 217.7736pt>
File: C:/Users/Larissa/Documents/Uni/Bachelorarbeit/Git/ThesisPaper/Pictures/in
putg2.png Graphic file (type png)
<use C:/Users/Larissa/Documents/Uni/Bachelorarbeit/Git/ThesisPaper/Pictures/inp
utg2.png>
Package pdftex.def Info: C:/Users/Larissa/Documents/Uni/Bachelorarbeit/Git/Thes
isPaper/Pictures/inputg2.png  used on input line 388.
(pdftex.def)             Requested size: 115.19867pt x 85.29024pt.
<C:/Users/Larissa/Documents/Uni/Bachelorarbeit/Git/ThesisPaper/Pictures/forgetg
.png, id=74, 294.1389pt x 217.7736pt>
File: C:/Users/Larissa/Documents/Uni/Bachelorarbeit/Git/ThesisPaper/Pictures/fo
rgetg.png Graphic file (type png)
<use C:/Users/Larissa/Documents/Uni/Bachelorarbeit/Git/ThesisPaper/Pictures/for
getg.png>
Package pdftex.def Info: C:/Users/Larissa/Documents/Uni/Bachelorarbeit/Git/Thes
isPaper/Pictures/forgetg.png  used on input line 395.
(pdftex.def)             Requested size: 115.19867pt x 85.29024pt.
<C:/Users/Larissa/Documents/Uni/Bachelorarbeit/Git/ThesisPaper/Pictures/outputg
.png, id=75, 326.1786pt x 241.8636pt>
File: C:/Users/Larissa/Documents/Uni/Bachelorarbeit/Git/ThesisPaper/Pictures/ou
tputg.png Graphic file (type png)
<use C:/Users/Larissa/Documents/Uni/Bachelorarbeit/Git/ThesisPaper/Pictures/out
putg.png>
Package pdftex.def Info: C:/Users/Larissa/Documents/Uni/Bachelorarbeit/Git/Thes
isPaper/Pictures/outputg.png  used on input line 403.
(pdftex.def)             Requested size: 115.19867pt x 85.42116pt.

LaTeX Warning: `h' float specifier changed to `ht'.

[12]
LaTeX Font Info:    Try loading font information for OMS+ptm on input line 412.


("C:\Users\Larissa\AppData\Local\Programs\MiKTeX 2.9\tex\latex\psnfss\omsptm.fd
"
File: omsptm.fd 
)
LaTeX Font Info:    Font shape `OMS/ptm/m/n' in size <10.95> not available
(Font)              Font shape `OMS/cmsy/m/n' tried instead on input line 412.
 [13 <C:/Users/Larissa/Documents/Uni/Bachelorarbeit/Git/ThesisPaper/Pictures/in
putg.png> <C:/Users/Larissa/Documents/Uni/Bachelorarbeit/Git/ThesisPaper/Pictur
es/inputg2.png> <C:/Users/Larissa/Documents/Uni/Bachelorarbeit/Git/ThesisPaper/
Pictures/forgetg.png> <C:/Users/Larissa/Documents/Uni/Bachelorarbeit/Git/Thesis
Paper/Pictures/outputg.png>]
Underfull \hbox (badness 10000) in paragraph at lines 437--438

 []

[14]
<C:/Users/Larissa/Documents/Uni/Bachelorarbeit/Git/ThesisPaper/Pictures/attenti
on.png, id=86, 589.20125pt x 800.9925pt>
File: C:/Users/Larissa/Documents/Uni/Bachelorarbeit/Git/ThesisPaper/Pictures/at
tention.png Graphic file (type png)
<use C:/Users/Larissa/Documents/Uni/Bachelorarbeit/Git/ThesisPaper/Pictures/att
ention.png>
Package pdftex.def Info: C:/Users/Larissa/Documents/Uni/Bachelorarbeit/Git/Thes
isPaper/Pictures/attention.png  used on input line 448.
(pdftex.def)             Requested size: 180.0pt x 244.69957pt.
 [15 <C:/Users/Larissa/Documents/Uni/Bachelorarbeit/Git/ThesisPaper/Pictures/at
tention.png>]
<C:/Users/Larissa/Documents/Uni/Bachelorarbeit/Git/ThesisPaper/Pictures/scaledd
ot.jpg, id=92, 342.5297pt x 382.42876pt>
File: C:/Users/Larissa/Documents/Uni/Bachelorarbeit/Git/ThesisPaper/Pictures/sc
aleddot.jpg Graphic file (type jpg)
<use C:/Users/Larissa/Documents/Uni/Bachelorarbeit/Git/ThesisPaper/Pictures/sca
leddot.jpg>
Package pdftex.def Info: C:/Users/Larissa/Documents/Uni/Bachelorarbeit/Git/Thes
isPaper/Pictures/scaleddot.jpg  used on input line 460.
(pdftex.def)             Requested size: 125.99945pt x 140.67363pt.
<C:/Users/Larissa/Documents/Uni/Bachelorarbeit/Git/ThesisPaper/Pictures/head.pn
g, id=93, 328.97906pt x 430.60875pt>
File: C:/Users/Larissa/Documents/Uni/Bachelorarbeit/Git/ThesisPaper/Pictures/he
ad.png Graphic file (type png)
<use C:/Users/Larissa/Documents/Uni/Bachelorarbeit/Git/ThesisPaper/Pictures/hea
d.png>
Package pdftex.def Info: C:/Users/Larissa/Documents/Uni/Bachelorarbeit/Git/Thes
isPaper/Pictures/head.png  used on input line 468.
(pdftex.def)             Requested size: 125.99945pt x 164.92084pt.

Overfull \hbox (2.0805pt too wide) in paragraph at lines 456--471
[][]  [] 
 []

[16 <C:/Users/Larissa/Documents/Uni/Bachelorarbeit/Git/ThesisPaper/Pictures/sca
leddot.jpg> <C:/Users/Larissa/Documents/Uni/Bachelorarbeit/Git/ThesisPaper/Pict
ures/head.png>]
Underfull \hbox (badness 10000) in paragraph at lines 478--481

 []

[17]
<C:/Users/Larissa/Documents/Uni/Bachelorarbeit/Git/ThesisPaper/Pictures/inputB.
png, id=101, 513.92pt x 155.07938pt>
File: C:/Users/Larissa/Documents/Uni/Bachelorarbeit/Git/ThesisPaper/Pictures/in
putB.png Graphic file (type png)
<use C:/Users/Larissa/Documents/Uni/Bachelorarbeit/Git/ThesisPaper/Pictures/inp
utB.png>
Package pdftex.def Info: C:/Users/Larissa/Documents/Uni/Bachelorarbeit/Git/Thes
isPaper/Pictures/inputB.png  used on input line 499.
(pdftex.def)             Requested size: 323.9978pt x 97.76913pt.

Underfull \hbox (badness 10000) in paragraph at lines 502--504

 []


Underfull \hbox (badness 10000) in paragraph at lines 505--507

 []

[18 <C:/Users/Larissa/Documents/Uni/Bachelorarbeit/Git/ThesisPaper/Pictures/inp
utB.png>]
Underfull \hbox (badness 10000) in paragraph at lines 511--513

 []


Underfull \hbox (badness 10000) in paragraph at lines 525--526

 []

[19] [20] [21]
Chapter 4.

Underfull \hbox (badness 10000) in paragraph at lines 567--570

 []


Overfull \hbox (1.26904pt too wide) in paragraph at lines 567--570
\OT1/ptm/m/n/10.95 u-ments. While the Training- and Val-i-da-tion-set con-tain 
the ar-ti-cles, the GroundTruth
 []

<C:/Users/Larissa/Documents/Uni/Bachelorarbeit/Git/ThesisPaper/Pictures/hyper_p
ub.pdf, id=116, 379.93944pt x 291.27206pt>
File: C:/Users/Larissa/Documents/Uni/Bachelorarbeit/Git/ThesisPaper/Pictures/hy
per_pub.pdf Graphic file (type pdf)
<use C:/Users/Larissa/Documents/Uni/Bachelorarbeit/Git/ThesisPaper/Pictures/hyp
er_pub.pdf>
Package pdftex.def Info: C:/Users/Larissa/Documents/Uni/Bachelorarbeit/Git/Thes
isPaper/Pictures/hyper_pub.pdf  used on input line 577.
(pdftex.def)             Requested size: 161.9989pt x 124.19121pt.

Overfull \hbox (2.0805pt too wide) in paragraph at lines 573--601
$[]$  $[]$ 
 []


Underfull \hbox (badness 10000) in paragraph at lines 573--601

 []

[22

] [23 <C:/Users/Larissa/Documents/Uni/Bachelorarbeit/Git/ThesisPaper/Pictures/h
yper_pub.pdf>]
<C:/Users/Larissa/Documents/Uni/Bachelorarbeit/Git/ThesisPaper/Pictures/figure2
.pdf, id=141, 379.93944pt x 288.59016pt>
File: C:/Users/Larissa/Documents/Uni/Bachelorarbeit/Git/ThesisPaper/Pictures/fi
gure2.pdf Graphic file (type pdf)
<use C:/Users/Larissa/Documents/Uni/Bachelorarbeit/Git/ThesisPaper/Pictures/fig
ure2.pdf>
Package pdftex.def Info: C:/Users/Larissa/Documents/Uni/Bachelorarbeit/Git/Thes
isPaper/Pictures/figure2.pdf  used on input line 609.
(pdftex.def)             Requested size: 161.9989pt x 123.0477pt.
<C:/Users/Larissa/Documents/Uni/Bachelorarbeit/Git/ThesisPaper/Pictures/figure.
pdf, id=142, 409.94215pt x 331.35933pt>
File: C:/Users/Larissa/Documents/Uni/Bachelorarbeit/Git/ThesisPaper/Pictures/fi
gure.pdf Graphic file (type pdf)
<use C:/Users/Larissa/Documents/Uni/Bachelorarbeit/Git/ThesisPaper/Pictures/fig
ure.pdf>
Package pdftex.def Info: C:/Users/Larissa/Documents/Uni/Bachelorarbeit/Git/Thes
isPaper/Pictures/figure.pdf  used on input line 617.
(pdftex.def)             Requested size: 161.9989pt x 130.94363pt.

Overfull \hbox (2.0805pt too wide) in paragraph at lines 605--620
[]$[]$  $[]$ 
 []

[24 <C:/Users/Larissa/Documents/Uni/Bachelorarbeit/Git/ThesisPaper/Pictures/fig
ure2.pdf> <C:/Users/Larissa/Documents/Uni/Bachelorarbeit/Git/ThesisPaper/Pictur
es/figure.pdf

pdfTeX warning: pdflatex.exe (file C:/Users/Larissa/Documents/Uni/Bachelorarbei
t/Git/ThesisPaper/Pictures/figure.pdf): PDF inclusion: multiple pdfs with page 
group included in a single page
>]
Chapter 5.
[25

]
Underfull \hbox (badness 10000) in paragraph at lines 648--649

 []


Package relsize Warning: Font size 5.55556pt is too small.
(relsize)                Using 6.0pt instead on input line 667.


Package relsize Warning: Font size 5.55556pt is too small.
(relsize)                Using 6.0pt instead on input line 667.


Package relsize Warning: Font size 5.55556pt is too small.
(relsize)                Using 6.0pt instead on input line 667.


Package relsize Warning: Font size 5.55556pt is too small.
(relsize)                Using 6.0pt instead on input line 667.


Package relsize Warning: Font size 5.55556pt is too small.
(relsize)                Using 6.0pt instead on input line 667.


Package relsize Warning: Font size 5.55556pt is too small.
(relsize)                Using 6.0pt instead on input line 667.


Package relsize Warning: Font size 5.55556pt is too small.
(relsize)                Using 6.0pt instead on input line 667.


Package relsize Warning: Font size 5.55556pt is too small.
(relsize)                Using 6.0pt instead on input line 667.

[26]
Underfull \hbox (badness 10000) in paragraph at lines 670--671

 []


Package relsize Warning: Font size 5.55556pt is too small.
(relsize)                Using 6.0pt instead on input line 675.


Package relsize Warning: Font size 5.55556pt is too small.
(relsize)                Using 6.0pt instead on input line 676.


Package relsize Warning: Font size 5.55556pt is too small.
(relsize)                Using 6.0pt instead on input line 679.


Package relsize Warning: Font size 5.55556pt is too small.
(relsize)                Using 6.0pt instead on input line 680.


Package relsize Warning: Font size 5.55556pt is too small.
(relsize)                Using 6.0pt instead on input line 681.


Package relsize Warning: Font size 5.55556pt is too small.
(relsize)                Using 6.0pt instead on input line 682.


Package relsize Warning: Font size 5.55556pt is too small.
(relsize)                Using 6.0pt instead on input line 684.

LaTeX Font Info:    Font shape `OMS/ptm/m/n' in size <8> not available
(Font)              Font shape `OMS/cmsy/m/n' tried instead on input line 684.

Package relsize Warning: Font size 5.55556pt is too small.
(relsize)                Using 6.0pt instead on input line 687.


Package relsize Warning: Font size 5.55556pt is too small.
(relsize)                Using 6.0pt instead on input line 688.


Package relsize Warning: Font size 5.55556pt is too small.
(relsize)                Using 6.0pt instead on input line 689.


Package relsize Warning: Font size 5.55556pt is too small.
(relsize)                Using 6.0pt instead on input line 696.


Package relsize Warning: Font size 5.55556pt is too small.
(relsize)                Using 6.0pt instead on input line 699.


Package relsize Warning: Font size 5.55556pt is too small.
(relsize)                Using 6.0pt instead on input line 700.


Underfull \hbox (badness 10000) in paragraph at lines 706--710

 []


Underfull \hbox (badness 10000) in paragraph at lines 706--710

 []

[27]

Package relsize Warning: Font size 5.55556pt is too small.
(relsize)                Using 6.0pt instead on input line 713.


Package relsize Warning: Font size 5.55556pt is too small.
(relsize)                Using 6.0pt instead on input line 714.


Package relsize Warning: Font size 5.55556pt is too small.
(relsize)                Using 6.0pt instead on input line 715.


Underfull \hbox (badness 10000) in paragraph at lines 744--747

 []


Underfull \hbox (badness 10000) in paragraph at lines 744--747

 []

[28]

Package relsize Warning: Font size 5.55556pt is too small.
(relsize)                Using 6.0pt instead on input line 751.


Package relsize Warning: Font size 5.55556pt is too small.
(relsize)                Using 6.0pt instead on input line 752.


Package relsize Warning: Font size 5.55556pt is too small.
(relsize)                Using 6.0pt instead on input line 754.


Package relsize Warning: Font size 5.55556pt is too small.
(relsize)                Using 6.0pt instead on input line 755.


Overfull \hbox (10.64156pt too wide) in paragraph at lines 758--764
\OT1/ptm/m/n/10.95 In or-der to cal-cu-late the []TF mea-sure, the method \OT1/
ptm/m/it/10.95 fit[]transform() \OT1/ptm/m/n/10.95 of the class \OT1/ptm/m/it/1
0.95 CountVec-
 []

[29]

Package relsize Warning: Font size 5.55556pt is too small.
(relsize)                Using 6.0pt instead on input line 779.

[30]
Underfull \hbox (badness 10000) in paragraph at lines 805--806

 []


Package relsize Warning: Font size 5.55556pt is too small.
(relsize)                Using 6.0pt instead on input line 810.


Package relsize Warning: Font size 5.55556pt is too small.
(relsize)                Using 6.0pt instead on input line 811.


Package relsize Warning: Font size 5.55556pt is too small.
(relsize)                Using 6.0pt instead on input line 820.


Package relsize Warning: Font size 5.55556pt is too small.
(relsize)                Using 6.0pt instead on input line 820.


Package relsize Warning: Font size 5.55556pt is too small.
(relsize)                Using 6.0pt instead on input line 820.


Package relsize Warning: Font size 5.55556pt is too small.
(relsize)                Using 6.0pt instead on input line 820.


Package relsize Warning: Font size 5.55556pt is too small.
(relsize)                Using 6.0pt instead on input line 820.


Package relsize Warning: Font size 5.55556pt is too small.
(relsize)                Using 6.0pt instead on input line 820.


Underfull \hbox (badness 10000) in paragraph at lines 825--826

 []

[31]
Underfull \hbox (badness 10000) in paragraph at lines 845--849

 []


Underfull \hbox (badness 10000) in paragraph at lines 852--855

 []

[32]

Package relsize Warning: Font size 5.55556pt is too small.
(relsize)                Using 6.0pt instead on input line 859.


Package relsize Warning: Font size 5.55556pt is too small.
(relsize)                Using 6.0pt instead on input line 871.


Package relsize Warning: Font size 5.55556pt is too small.
(relsize)                Using 6.0pt instead on input line 871.


Package relsize Warning: Font size 5.55556pt is too small.
(relsize)                Using 6.0pt instead on input line 871.


Package relsize Warning: Font size 5.55556pt is too small.
(relsize)                Using 6.0pt instead on input line 871.


Package relsize Warning: Font size 5.55556pt is too small.
(relsize)                Using 6.0pt instead on input line 871.


Package relsize Warning: Font size 5.55556pt is too small.
(relsize)                Using 6.0pt instead on input line 871.


Package relsize Warning: Font size 5.55556pt is too small.
(relsize)                Using 6.0pt instead on input line 871.


Package relsize Warning: Font size 5.55556pt is too small.
(relsize)                Using 6.0pt instead on input line 871.


Overfull \hbox (4.12183pt too wide) in paragraph at lines 874--880
[]\OT1/ptm/m/n/10.95 A slightly mod-i-fied ver-sion of the com-bined GroundTrut
h- and Train-ing datasets
 []


Underfull \hbox (badness 10000) in paragraph at lines 874--880

 []

[33]
LaTeX Font Info:    Try loading font information for OT1+pcr on input line 880.


("C:\Users\Larissa\AppData\Local\Programs\MiKTeX 2.9\tex\latex\psnfss\ot1pcr.fd
"
File: ot1pcr.fd 2001/06/04 font definitions for OT1/pcr.
) [34] [35]
Chapter 6.
File: C:/Users/Larissa/Documents/Uni/Bachelorarbeit/Git/ThesisPaper/Pictures/in
putB.png Graphic file (type png)
<use C:/Users/Larissa/Documents/Uni/Bachelorarbeit/Git/ThesisPaper/Pictures/inp
utB.png>
Package pdftex.def Info: C:/Users/Larissa/Documents/Uni/Bachelorarbeit/Git/Thes
isPaper/Pictures/inputB.png  used on input line 908.
(pdftex.def)             Requested size: 323.9978pt x 97.76913pt.

LaTeX Warning: `h' float specifier changed to `ht'.


LaTeX Warning: `h' float specifier changed to `ht'.

[36

] [37]
Chapter 7.
(BA.bbl [38

]
Underfull \hbox (badness 3108) in paragraph at lines 30--33
\OT1/ptm/m/n/10.95 En-rich-ing word vec-tors with sub-word in-for-ma-tion.  \OT
1/ptm/m/it/10.95 arXiv preprint
 []

[39

]
Underfull \hbox (badness 10000) in paragraph at lines 96--99
[]\OT1/ptm/m/n/10.95 Elementree.  $https : / / github . com / python / cpython 
/ blob / 3 . 7 / Lib / xml / etree /
 []


Underfull \hbox (badness 10000) in paragraph at lines 111--115
[]\OT1/ptm/m/n/10.95 Knight Foun-da-tion.  $https : / / knightfoundation . org 
/ reports /
 []

[40]
Underfull \hbox (badness 1033) in paragraph at lines 194--197
\OT1/ptm/m/n/10.95 tive ap-proaches to attention-based neu-ral ma-chine trans-l
a-tion.  \OT1/ptm/m/it/10.95 CoRR\OT1/ptm/m/n/10.95 ,
 []

[41]
Underfull \hbox (badness 4726) in paragraph at lines 262--265
[]\OT1/ptm/m/n/10.95 sklearn.ensemble.randomforestclassifier.  $https : / / git
hub . com / scikit-[]learn /
 []


Underfull \hbox (badness 10000) in paragraph at lines 267--270
[]\OT1/ptm/m/n/10.95 sklearn.feature[]extraction.text.  $https : / / github . c
om / scikit-[]learn /
 []


Underfull \hbox (badness 10000) in paragraph at lines 267--270
\OT1/ptm/m/n/10.95 scikit-[]learn / blob / 7813f7efb5b2012412888b69e73d76f2df2b
50b6 / sklearn /
 []

[42]
Underfull \hbox (badness 10000) in paragraph at lines 272--275
[]\OT1/ptm/m/n/10.95 sklearn.linear[]model.  $https : / / github . com / scikit
-[]learn / scikit-[]learn / blob /
 []


Underfull \hbox (badness 10000) in paragraph at lines 277--280
[]\OT1/ptm/m/n/10.95 sklearn.model[]selection.gridsearchcv.  $https : / / githu
b . com / scikit-[]learn /
 []


Underfull \hbox (badness 10000) in paragraph at lines 282--285
[]\OT1/ptm/m/n/10.95 sklearn.naive[]bayes.multinomialnb.  $https : / / github .
 com / scikit-[]learn /
 []

) [43]
Underfull \hbox (badness 10000) in paragraph at lines 965--974

 []


Underfull \hbox (badness 10000) in paragraph at lines 965--974

 []

\tf@thm=\write10
\openout10 = `BA.thm'.

[44] (BA.aux) ) 
Here is how much of TeX's memory you used:
 11577 strings out of 492973
 178954 string characters out of 3125806
 338444 words of memory out of 3000000
 15172 multiletter control sequences out of 15000+200000
 33263 words of font info for 72 fonts, out of 3000000 for 9000
 1141 hyphenation exceptions out of 8191
 53i,18n,92p,1991b,1831s stack positions out of 5000i,500n,10000p,200000b,50000s
{C:/Users/Larissa/AppData/Local/Programs/MiKTeX 2.9/fonts/enc/dv
ips/base/8r.enc}<C:/Users/Larissa/AppData/Local/Programs/MiKTeX 2.9/fonts/type1
/public/amsfonts/cm/cmex10.pfb><C:/Users/Larissa/AppData/Local/Programs/MiKTeX 
2.9/fonts/type1/public/amsfonts/cm/cmmi10.pfb><C:/Users/Larissa/AppData/Local/P
rograms/MiKTeX 2.9/fonts/type1/public/amsfonts/cm/cmmi6.pfb><C:/Users/Larissa/A
ppData/Local/Programs/MiKTeX 2.9/fonts/type1/public/amsfonts/cm/cmmi8.pfb><C:/U
sers/Larissa/AppData/Local/Programs/MiKTeX 2.9/fonts/type1/public/amsfonts/cm/c
mr10.pfb><C:/Users/Larissa/AppData/Local/Programs/MiKTeX 2.9/fonts/type1/public
/amsfonts/cm/cmr6.pfb><C:/Users/Larissa/AppData/Local/Programs/MiKTeX 2.9/fonts
/type1/public/amsfonts/cm/cmr8.pfb><C:/Users/Larissa/AppData/Local/Programs/MiK
TeX 2.9/fonts/type1/public/amsfonts/cm/cmsy10.pfb><C:/Users/Larissa/AppData/Loc
al/Programs/MiKTeX 2.9/fonts/type1/public/amsfonts/cm/cmsy6.pfb><C:/Users/Laris
sa/AppData/Local/Programs/MiKTeX 2.9/fonts/type1/public/amsfonts/cm/cmsy8.pfb><
C:/Users/Larissa/AppData/Local/Programs/MiKTeX 2.9/fonts/type1/urw/courier/ucrr
8a.pfb><C:/Users/Larissa/AppData/Local/Programs/MiKTeX 2.9/fonts/type1/urw/time
s/utmb8a.pfb><C:/Users/Larissa/AppData/Local/Programs/MiKTeX 2.9/fonts/type1/ur
w/times/utmr8a.pfb><C:/Users/Larissa/AppData/Local/Programs/MiKTeX 2.9/fonts/ty
pe1/urw/times/utmr8a.pfb><C:/Users/Larissa/AppData/Local/Programs/MiKTeX 2.9/fo
nts/type1/urw/times/utmri8a.pfb>
Output written on BA.pdf (51 pages, 1196435 bytes).
PDF statistics:
 313 PDF objects out of 1000 (max. 8388607)
 0 named destinations out of 1000 (max. 500000)
 61 words of extra memory for PDF output out of 10000 (max. 10000000)

