\BOOKMARK [0][-]{chapter.1}{Introduction}{}% 1
\BOOKMARK [0][-]{chapter.2}{Related Work}{}% 2
\BOOKMARK [0][-]{chapter.3}{Fundamentals}{}% 3
\BOOKMARK [1][-]{section.3.1}{Text Representation}{chapter.3}% 4
\BOOKMARK [2][-]{subsection.3.1.1}{Term Frequency-Inverse Document Frequency}{section.3.1}% 5
\BOOKMARK [2][-]{subsection.3.1.2}{Word Embeddings}{section.3.1}% 6
\BOOKMARK [1][-]{section.3.2}{Classification Methods}{chapter.3}% 7
\BOOKMARK [2][-]{subsection.3.2.1}{Multinomial Naive Bayes Classifier}{section.3.2}% 8
\BOOKMARK [2][-]{subsection.3.2.2}{Logistic Regression Classifier}{section.3.2}% 9
\BOOKMARK [2][-]{subsection.3.2.3}{Decision Trees and Random Forest Classifier}{section.3.2}% 10
\BOOKMARK [2][-]{subsection.3.2.4}{Bidirectional Encoder Representation from Transformers}{section.3.2}% 11
\BOOKMARK [1][-]{section.3.3}{Evaluation}{chapter.3}% 12
\BOOKMARK [2][-]{subsection.3.3.1}{Evaluation Measures}{section.3.3}% 13
\BOOKMARK [2][-]{subsection.3.3.2}{Cross Validation}{section.3.3}% 14
\BOOKMARK [0][-]{chapter.4}{Data Description}{}% 15
\BOOKMARK [1][-]{section.4.1}{Dataset labelled by Publisher}{chapter.4}% 16
\BOOKMARK [1][-]{section.4.2}{Dataset labelled by Article}{chapter.4}% 17
\BOOKMARK [0][-]{chapter.5}{Classification Techniques}{}% 18
\BOOKMARK [1][-]{section.5.1}{Data Preparation}{chapter.5}% 19
\BOOKMARK [2][-]{subsection.5.1.1}{File Parsing}{section.5.1}% 20
\BOOKMARK [2][-]{subsection.5.1.2}{Information Filtering}{section.5.1}% 21
\BOOKMARK [2][-]{subsection.5.1.3}{Combine Data}{section.5.1}% 22
\BOOKMARK [2][-]{subsection.5.1.4}{Special Characters and Stop Word Removal}{section.5.1}% 23
\BOOKMARK [2][-]{subsection.5.1.5}{Tokenization and Stemming}{section.5.1}% 24
\BOOKMARK [1][-]{section.5.2}{Text Representation}{chapter.5}% 25
\BOOKMARK [2][-]{subsection.5.2.1}{Term Frequency-Inverse Document Frequency}{section.5.2}% 26
\BOOKMARK [2][-]{subsection.5.2.2}{Word2Vec}{section.5.2}% 27
\BOOKMARK [1][-]{section.5.3}{Classification Methods}{chapter.5}% 28
\BOOKMARK [2][-]{subsection.5.3.1}{Multinomial Naive Bayes Classifier}{section.5.3}% 29
\BOOKMARK [2][-]{subsection.5.3.2}{Random Forest Classifier}{section.5.3}% 30
\BOOKMARK [2][-]{subsection.5.3.3}{Logistic Regression Classifier}{section.5.3}% 31
\BOOKMARK [2][-]{subsection.5.3.4}{Training and Classification}{section.5.3}% 32
\BOOKMARK [2][-]{subsection.5.3.5}{Bidirectional Encoder Representations from Transformers}{section.5.3}% 33
\BOOKMARK [0][-]{chapter.6}{Evaluation}{}% 34
\BOOKMARK [1][-]{section.6.1}{Grid Search}{chapter.6}% 35
\BOOKMARK [1][-]{section.6.2}{Evaluation Results}{chapter.6}% 36
\BOOKMARK [0][-]{chapter.7}{Conclusion}{}% 37
